<?xml version="1.0" encoding="utf-8"?><testsuites name="pytest tests"><testsuite name="pytest" errors="0" failures="1" skipped="0" tests="18" time="6.750" timestamp="2026-04-26T23:55:01.434990+00:00" hostname="agent-env-a727135e-456c-44b9-b74c-a47f1c2a4e10"><testcase classname="backend.tests.test_new_features.TestUpload" name="test_upload_no_auth_returns_401" time="0.293" /><testcase classname="backend.tests.test_new_features.TestUpload" name="test_upload_png_success" time="0.630" /><testcase classname="backend.tests.test_new_features.TestUpload" name="test_upload_rejects_non_image" time="0.169" /><testcase classname="backend.tests.test_new_features.TestUpload" name="test_upload_rejects_oversize" time="0.562" /><testcase classname="backend.tests.test_new_features.TestUpload" name="test_get_file_public" time="0.220"><failure message="AssertionError: assert ('immutable' in 'no-store, no-cache, must-revalidate')">backend/tests/test_new_features.py:125: in test_get_file_public
    assert "immutable" in cc and "max-age" in cc
E   AssertionError: assert ('immutable' in 'no-store, no-cache, must-revalidate')</failure></testcase><testcase classname="backend.tests.test_new_features.TestUpload" name="test_get_file_not_found" time="0.112" /><testcase classname="backend.tests.test_new_features.TestUpgrade" name="test_upgrade_no_auth" time="0.119" /><testcase classname="backend.tests.test_new_features.TestUpgrade" name="test_upgrade_create_session" time="0.528" /><testcase classname="backend.tests.test_new_features.TestUpgrade" name="test_upgrade_status_graceful" time="0.277" /><testcase classname="backend.tests.test_new_features.TestAI" name="test_ai_improve_no_auth" time="0.127" /><testcase classname="backend.tests.test_new_features.TestAI" name="test_ai_improve_too_short" time="0.121" /><testcase classname="backend.tests.test_new_features.TestAI" name="test_ai_improve_success" time="2.113" /><testcase classname="backend.tests.test_new_features.TestTrack" name="test_track_view" time="0.137" /><testcase classname="backend.tests.test_new_features.TestTrack" name="test_track_invalid_event" time="0.113" /><testcase classname="backend.tests.test_new_features.TestRegression" name="test_signup_login_me" time="0.781" /><testcase classname="backend.tests.test_new_features.TestRegression" name="test_board_endpoint_alias" time="0.118" /><testcase classname="backend.tests.test_new_features.TestRegression" name="test_create_product" time="0.107" /><testcase classname="backend.tests.test_new_features.TestRegression" name="test_analytics" time="0.113" /></testsuite></testsuites>