<?xml version="1.0" encoding="utf-8"?><testsuites name="pytest tests"><testsuite name="pytest" errors="0" failures="1" skipped="0" tests="34" time="5.910" timestamp="2026-04-26T21:29:15.044269+00:00" hostname="agent-env-a727135e-456c-44b9-b74c-a47f1c2a4e10"><testcase classname="backend.tests.backend_test.TestHealth" name="test_root" time="0.274" /><testcase classname="backend.tests.backend_test.TestAuth" name="test_signup_duplicate_email" time="0.328" /><testcase classname="backend.tests.backend_test.TestAuth" name="test_signup_duplicate_username" time="0.048" /><testcase classname="backend.tests.backend_test.TestAuth" name="test_login_success" time="0.269" /><testcase classname="backend.tests.backend_test.TestAuth" name="test_login_wrong_password" time="0.269" /><testcase classname="backend.tests.backend_test.TestAuth" name="test_me_with_bearer" time="0.052" /><testcase classname="backend.tests.backend_test.TestAuth" name="test_me_no_token" time="0.111" /><testcase classname="backend.tests.backend_test.TestStore" name="test_get_my_store" time="0.047" /><testcase classname="backend.tests.backend_test.TestStore" name="test_public_store" time="0.109" /><testcase classname="backend.tests.backend_test.TestStore" name="test_public_store_not_found" time="0.111" /><testcase classname="backend.tests.backend_test.TestStore" name="test_update_store" time="0.102" /><testcase classname="backend.tests.backend_test.TestProducts" name="test_create_product" time="0.047" /><testcase classname="backend.tests.backend_test.TestProducts" name="test_list_products" time="0.047" /><testcase classname="backend.tests.backend_test.TestProducts" name="test_get_product_increments_view" time="0.099" /><testcase classname="backend.tests.backend_test.TestProducts" name="test_update_product" time="0.052" /><testcase classname="backend.tests.backend_test.TestProducts" name="test_ownership_other_user_cannot_update" time="0.489" /><testcase classname="backend.tests.backend_test.TestSubscribers" name="test_subscribe_no_auth" time="0.185" /><testcase classname="backend.tests.backend_test.TestSubscribers" name="test_subscribe_invalid_store" time="0.101" /><testcase classname="backend.tests.backend_test.TestSubscribers" name="test_subscribe_dedup" time="0.237" /><testcase classname="backend.tests.backend_test.TestSubscribers" name="test_create_customer_manual" time="0.063" /><testcase classname="backend.tests.backend_test.TestSubscribers" name="test_list_customers" time="0.050" /><testcase classname="backend.tests.backend_test.TestOrders" name="test_orders_initially_empty" time="0.048" /><testcase classname="backend.tests.backend_test.TestAffiliates" name="test_create_affiliate" time="0.049" /><testcase classname="backend.tests.backend_test.TestAffiliates" name="test_affiliate_click_increments" time="0.127" /><testcase classname="backend.tests.backend_test.TestAffiliates" name="test_affiliate_click_invalid" time="0.115" /><testcase classname="backend.tests.backend_test.TestAffiliates" name="test_affiliate_list_reflects" time="0.047" /><testcase classname="backend.tests.backend_test.TestAnalytics" name="test_analytics_shape" time="0.048" /><testcase classname="backend.tests.backend_test.TestCheckout" name="test_create_session_invalid_product" time="0.106" /><testcase classname="backend.tests.backend_test.TestCheckout" name="test_create_session_zero_price" time="0.152" /><testcase classname="backend.tests.backend_test.TestCheckout" name="test_create_session_success" time="0.615" /><testcase classname="backend.tests.backend_test.TestCheckout" name="test_checkout_status" time="0.290"><failure message="AssertionError: status returned 500: Internal Server Error&#10;assert 500 == 200&#10; +  where 500 = &lt;Response [500]&gt;.status_code">backend/tests/backend_test.py:331: in test_checkout_status
    assert r.status_code == 200, f"status returned {r.status_code}: {r.text}"
E   AssertionError: status returned 500: Internal Server Error
E   assert 500 == 200
E    +  where 500 = &lt;Response [500]&gt;.status_code</failure></testcase><testcase classname="backend.tests.backend_test.TestCheckout" name="test_checkout_status_not_found" time="0.107" /><testcase classname="backend.tests.backend_test.TestCheckout" name="test_webhook_invalid_signature" time="0.109" /><testcase classname="backend.tests.backend_test.TestZAccountDelete" name="test_delete_account" time="0.878" /></testsuite></testsuites>