<?xml version="1.0" encoding="utf-8"?><testsuites name="pytest tests"><testsuite name="pytest" errors="0" failures="0" skipped="0" tests="52" time="11.526" timestamp="2026-04-26T23:56:01.155243+00:00" hostname="agent-env-a727135e-456c-44b9-b74c-a47f1c2a4e10"><testcase classname="backend.tests.backend_test.TestHealth" name="test_root" time="0.126" /><testcase classname="backend.tests.backend_test.TestAuth" name="test_signup_duplicate_email" time="0.334" /><testcase classname="backend.tests.backend_test.TestAuth" name="test_signup_duplicate_username" time="0.047" /><testcase classname="backend.tests.backend_test.TestAuth" name="test_login_success" time="0.276" /><testcase classname="backend.tests.backend_test.TestAuth" name="test_login_wrong_password" time="0.275" /><testcase classname="backend.tests.backend_test.TestAuth" name="test_me_with_bearer" time="0.047" /><testcase classname="backend.tests.backend_test.TestAuth" name="test_me_no_token" time="0.132" /><testcase classname="backend.tests.backend_test.TestStore" name="test_get_my_store" time="0.051" /><testcase classname="backend.tests.backend_test.TestStore" name="test_public_store" time="0.105" /><testcase classname="backend.tests.backend_test.TestStore" name="test_public_store_not_found" time="0.117" /><testcase classname="backend.tests.backend_test.TestStore" name="test_update_store" time="0.107" /><testcase classname="backend.tests.backend_test.TestProducts" name="test_create_product" time="0.048" /><testcase classname="backend.tests.backend_test.TestProducts" name="test_list_products" time="0.045" /><testcase classname="backend.tests.backend_test.TestProducts" name="test_get_product_increments_view" time="0.107" /><testcase classname="backend.tests.backend_test.TestProducts" name="test_update_product" time="0.047" /><testcase classname="backend.tests.backend_test.TestProducts" name="test_ownership_other_user_cannot_update" time="0.508" /><testcase classname="backend.tests.backend_test.TestSubscribers" name="test_subscribe_no_auth" time="0.114" /><testcase classname="backend.tests.backend_test.TestSubscribers" name="test_subscribe_invalid_store" time="0.120" /><testcase classname="backend.tests.backend_test.TestSubscribers" name="test_subscribe_dedup" time="0.206" /><testcase classname="backend.tests.backend_test.TestSubscribers" name="test_create_customer_manual" time="0.062" /><testcase classname="backend.tests.backend_test.TestSubscribers" name="test_list_customers" time="0.052" /><testcase classname="backend.tests.backend_test.TestOrders" name="test_orders_initially_empty" time="0.045" /><testcase classname="backend.tests.backend_test.TestAffiliates" name="test_create_affiliate" time="0.047" /><testcase classname="backend.tests.backend_test.TestAffiliates" name="test_affiliate_click_increments" time="0.113" /><testcase classname="backend.tests.backend_test.TestAffiliates" name="test_affiliate_click_invalid" time="0.111" /><testcase classname="backend.tests.backend_test.TestAffiliates" name="test_affiliate_list_reflects" time="0.058" /><testcase classname="backend.tests.backend_test.TestAnalytics" name="test_analytics_shape" time="0.046" /><testcase classname="backend.tests.backend_test.TestCheckout" name="test_create_session_invalid_product" time="0.108" /><testcase classname="backend.tests.backend_test.TestCheckout" name="test_create_session_zero_price" time="0.168" /><testcase classname="backend.tests.backend_test.TestCheckout" name="test_create_session_success" time="0.626" /><testcase classname="backend.tests.backend_test.TestCheckout" name="test_checkout_status" time="0.288" /><testcase classname="backend.tests.backend_test.TestCheckout" name="test_checkout_status_not_found" time="0.108" /><testcase classname="backend.tests.backend_test.TestCheckout" name="test_webhook_invalid_signature" time="0.118" /><testcase classname="backend.tests.backend_test.TestZAccountDelete" name="test_delete_account" time="0.776" /><testcase classname="backend.tests.test_new_features.TestUpload" name="test_upload_no_auth_returns_401" time="0.106" /><testcase classname="backend.tests.test_new_features.TestUpload" name="test_upload_png_success" time="0.545" /><testcase classname="backend.tests.test_new_features.TestUpload" name="test_upload_rejects_non_image" time="0.102" /><testcase classname="backend.tests.test_new_features.TestUpload" name="test_upload_rejects_oversize" time="0.364" /><testcase classname="backend.tests.test_new_features.TestUpload" name="test_get_file_public" time="0.209" /><testcase classname="backend.tests.test_new_features.TestUpload" name="test_get_file_not_found" time="0.113" /><testcase classname="backend.tests.test_new_features.TestUpgrade" name="test_upgrade_no_auth" time="0.108" /><testcase classname="backend.tests.test_new_features.TestUpgrade" name="test_upgrade_create_session" time="0.485" /><testcase classname="backend.tests.test_new_features.TestUpgrade" name="test_upgrade_status_graceful" time="0.318" /><testcase classname="backend.tests.test_new_features.TestAI" name="test_ai_improve_no_auth" time="0.141" /><testcase classname="backend.tests.test_new_features.TestAI" name="test_ai_improve_too_short" time="0.109" /><testcase classname="backend.tests.test_new_features.TestAI" name="test_ai_improve_success" time="1.885" /><testcase classname="backend.tests.test_new_features.TestTrack" name="test_track_view" time="0.107" /><testcase classname="backend.tests.test_new_features.TestTrack" name="test_track_invalid_event" time="0.137" /><testcase classname="backend.tests.test_new_features.TestRegression" name="test_signup_login_me" time="0.773" /><testcase classname="backend.tests.test_new_features.TestRegression" name="test_board_endpoint_alias" time="0.122" /><testcase classname="backend.tests.test_new_features.TestRegression" name="test_create_product" time="0.105" /><testcase classname="backend.tests.test_new_features.TestRegression" name="test_analytics" time="0.135" /></testsuite></testsuites>